<?xml version="1.0" encoding="UTF-8"?>
<!-- Generated by org.testng.reporters.JUnitXMLReporter -->
<testsuite ignored="2" hostname="DESKTOP-HAAR54D" failures="1" tests="3" name="Test" time="7.66" errors="0" timestamp="2022-06-14T15:22:32 IST">
  <testcase classname="test.LoginTest" name="verifyButton" time="0.149">
    <failure type="java.lang.AssertionError" message="expected [false] but found [true]">
      <![CDATA[java.lang.AssertionError: expected [false] but found [true]
at test.LoginTest.verifyButton(LoginTest.java:31)
at java.base/java.util.ArrayList.forEach(ArrayList.java:1511)
... Removed 29 stack frames]]>
    </failure>
  </testcase> <!-- verifyButton -->
  <testcase classname="test.LoginTest" name="login" time="5.757"/>
  <testcase classname="test.HomePageTest" name="logout" time="1.301"/>
  <testcase classname="test.BaseTest" name="@AfterSuite tearDown" time="0.0">
    <ignored/>
  </testcase> <!-- @AfterSuite tearDown -->
  <testcase classname="test.BaseTest" name="@BeforeSuite initBrowser" time="0.0">
    <ignored/>
  </testcase> <!-- @BeforeSuite initBrowser -->
</testsuite> <!-- Test -->
